<?xml version="1.0" encoding="UTF-8"?>
<!-- Generated by org.testng.reporters.JUnitXMLReporter -->
<testsuite ignored="3" hostname="DESKTOP-0BH1UMI" failures="0" tests="4" name="Test" time="117.768" errors="0" timestamp="2023-12-23T11:32:55 IST">
  <testcase classname="com.amazon.tests.ProductSearchByString" name="searchAndAddToCart" time="6.594"/>
  <testcase classname="com.amazon.tests.ProductSearchAndApplyFilters" name="searchAndApplyFilter" time="38.377">
    <skipped/>
  </testcase> <!-- searchAndApplyFilter -->
  <testcase classname="com.amazon.tests.ProductSearchAndApplyFilters" name="searchAndApplyFilter" time="33.929">
    <skipped/>
  </testcase> <!-- searchAndApplyFilter -->
  <testcase classname="com.amazon.tests.ProductSearchAndApplyFilters" name="searchAndApplyFilter" time="1.838">
    <skipped/>
  </testcase> <!-- searchAndApplyFilter -->
  <testcase classname="com.amazon.base.Base" name="@BeforeTest extentReport" time="0.0">
    <ignored/>
  </testcase> <!-- @BeforeTest extentReport -->
  <testcase classname="com.amazon.base.Base" name="@BeforeSuite loadconfig" time="0.0">
    <ignored/>
  </testcase> <!-- @BeforeSuite loadconfig -->
  <testcase classname="com.amazon.base.Base" name="@AfterSuite afterSuite" time="0.0">
    <ignored/>
  </testcase> <!-- @AfterSuite afterSuite -->
</testsuite> <!-- Test -->
