<?xml version="1.0" encoding="UTF-8"?>
<!-- Generated by org.testng.reporters.JUnitXMLReporter -->
<testsuite ignored="3" hostname="DESKTOP-0BH1UMI" failures="0" tests="2" name="Test Parallel" time="46.274" errors="0" timestamp="2023-12-23T11:58:48 IST">
  <testcase classname="com.amazon.base.Base" name="@BeforeMethod beforMethod" time="0.005">
    <failure type="java.lang.NullPointerException" message="Cannot invoke &amp;quot;com.aventstack.extentreports.ExtentReports.createTest(String)&amp;quot; because &amp;quot;this.extent&amp;quot; is null">
      <![CDATA[java.lang.NullPointerException: Cannot invoke "com.aventstack.extentreports.ExtentReports.createTest(String)" because "this.extent" is null
at com.amazon.base.Base.beforMethod(Base.java:94)
at java.base/java.util.concurrent.ThreadPoolExecutor.runWorker(ThreadPoolExecutor.java:1136)
at java.base/java.util.concurrent.ThreadPoolExecutor$Worker.run(ThreadPoolExecutor.java:635)
at java.base/java.lang.Thread.run(Thread.java:833)
... Removed 16 stack frames]]>
    </failure>
  </testcase> <!-- @BeforeMethod beforMethod -->
  <testcase classname="com.amazon.base.Base" name="@AfterMethod afterMethod" time="0.0">
    <skipped/>
  </testcase> <!-- @AfterMethod afterMethod -->
  <testcase classname="com.amazon.tests.ProductSearchAndApplyFilters" name="searchAndApplyFilter" time="0.0">
    <skipped/>
  </testcase> <!-- searchAndApplyFilter -->
  <testcase classname="com.amazon.tests.ProductSearchByString" name="searchAndAddToCart" time="18.576"/>
  <testcase classname="com.amazon.base.Base" name="@BeforeTest extentReport" time="0.0">
    <ignored/>
  </testcase> <!-- @BeforeTest extentReport -->
  <testcase classname="com.amazon.base.Base" name="@AfterSuite afterSuite" time="0.0">
    <ignored/>
  </testcase> <!-- @AfterSuite afterSuite -->
  <testcase classname="com.amazon.base.Base" name="@BeforeSuite loadconfig" time="0.0">
    <ignored/>
  </testcase> <!-- @BeforeSuite loadconfig -->
</testsuite> <!-- Test Parallel -->
