<?xml version="1.0" encoding="UTF-8"?>
<testng-results ignored="0" total="1" passed="1" failed="0" skipped="0">
  <reporter-output>
  </reporter-output>
  <suite started-at="2023-12-23T12:27:36 IST" name="Default suite" finished-at="2023-12-23T12:28:03 IST" duration-ms="27737">
    <groups>
    </groups>
    <test started-at="2023-12-23T12:27:36 IST" name="Default test" finished-at="2023-12-23T12:28:03 IST" duration-ms="27737">
      <class name="com.amazon.tests.ProductSearchByString">
        <test-method is-config="true" signature="loadconfig()[pri:0, instance:com.amazon.tests.ProductSearchByString@2034b64c]" started-at="2023-12-23T12:27:36 IST" name="loadconfig" finished-at="2023-12-23T12:27:36 IST" duration-ms="21" status="PASS">
          <reporter-output>
          </reporter-output>
        </test-method> <!-- loadconfig -->
        <test-method is-config="true" signature="extentReport()[pri:0, instance:com.amazon.tests.ProductSearchByString@2034b64c]" started-at="2023-12-23T12:27:36 IST" name="extentReport" finished-at="2023-12-23T12:27:36 IST" duration-ms="605" status="PASS">
          <reporter-output>
          </reporter-output>
        </test-method> <!-- extentReport -->
        <test-method is-config="true" signature="initialization()[pri:0, instance:com.amazon.tests.ProductSearchByString@2034b64c]" started-at="2023-12-23T12:27:36 IST" name="initialization" finished-at="2023-12-23T12:27:56 IST" duration-ms="19803" status="PASS">
          <reporter-output>
          </reporter-output>
        </test-method> <!-- initialization -->
        <test-method is-config="true" signature="beforMethod(java.lang.reflect.Method)[pri:0, instance:com.amazon.tests.ProductSearchByString@2034b64c]" started-at="2023-12-23T12:27:56 IST" name="beforMethod" finished-at="2023-12-23T12:27:56 IST" duration-ms="55" status="PASS">
          <params>
            <param index="0">
              <value>
                <![CDATA[public void com.amazon.tests.ProductSearchByString.searchAndAddToCart() throws java.lang.Throwable]]>
              </value>
            </param>
          </params>
          <reporter-output>
          </reporter-output>
        </test-method> <!-- beforMethod -->
        <test-method signature="searchAndAddToCart()[pri:0, instance:com.amazon.tests.ProductSearchByString@2034b64c]" started-at="2023-12-23T12:27:56 IST" name="searchAndAddToCart" finished-at="2023-12-23T12:28:03 IST" duration-ms="7028" status="PASS">
          <reporter-output>
          </reporter-output>
        </test-method> <!-- searchAndAddToCart -->
        <test-method is-config="true" signature="afterMethod(org.testng.ITestResult)[pri:0, instance:com.amazon.tests.ProductSearchByString@2034b64c]" started-at="2023-12-23T12:28:03 IST" name="afterMethod" finished-at="2023-12-23T12:28:03 IST" duration-ms="32" status="PASS">
          <params>
            <param index="0">
              <value>
                <![CDATA[[TestResult name=searchAndAddToCart status=SUCCESS method=ProductSearchByString.searchAndAddToCart()[pri:0, instance:com.amazon.tests.ProductSearchByString@2034b64c] output={null}]]]>
              </value>
            </param>
          </params>
          <reporter-output>
          </reporter-output>
        </test-method> <!-- afterMethod -->
        <test-method is-config="true" signature="afterSuite()[pri:0, instance:com.amazon.tests.ProductSearchByString@2034b64c]" started-at="2023-12-23T12:28:04 IST" name="afterSuite" finished-at="2023-12-23T12:28:08 IST" duration-ms="4039" status="PASS">
          <reporter-output>
          </reporter-output>
        </test-method> <!-- afterSuite -->
      </class> <!-- com.amazon.tests.ProductSearchByString -->
    </test> <!-- Default test -->
  </suite> <!-- Default suite -->
</testng-results>
